<?xml version="1.0" encoding="UTF-8"?>
<!-- Generated by org.testng.reporters.JUnitXMLReporter -->
<testsuite hostname="LAPTOP-4DV9LDAE" ignored="0" name="Sample Test" tests="3" failures="1" timestamp="18 Nov 2019 06:18:06 GMT" time="21.015" errors="0">
  <testcase name="doLogin" time="0.017" classname="zoodel.testcase.SampleExtendReport"/>
  <testcase name="doUserReg" time="0.01" classname="zoodel.testcase.SampleExtendReport">
    <failure type="java.lang.AssertionError" message="User Reg Test Failed">
      <![CDATA[java.lang.AssertionError: User Reg Test Failed
	at zoodel.testcase.SampleExtendReport.doUserReg(SampleExtendReport.java:70)
... Removed 26 stack frames]]>
    </failure>
  </testcase> <!-- doUserReg -->
  <testcase name="isSkip" time="0.001" classname="zoodel.testcase.SampleExtendReport">
    <skipped/>
  </testcase> <!-- isSkip -->
</testsuite> <!-- Sample Test -->
